<?xml version="1.0" encoding="UTF-8"?>
<!-- Generated by org.testng.reporters.JUnitReportReporter -->
<testsuite hostname="Kyles-MacBook-Pro.local" name="com.albion.common.test.BinaryTreeTest" tests="1" failures="0" timestamp="18 Jul 2016 06:35:29 GMT" time="0.008" errors="0">
  <testcase name="testInOrderTraversal" time="0.008" classname="com.albion.common.test.BinaryTreeTest"/>
</testsuite> <!-- com.albion.common.test.BinaryTreeTest -->
