<?xml version="1.0" encoding="UTF-8"?>
<!-- Generated by org.testng.reporters.JUnitReportReporter -->
<testsuite hostname="Kyles-MacBook-Pro.local" name="com.albion.common.traversal.BreathFirstSearchTest" tests="1" failures="0" timestamp="26 Jun 2016 05:46:25 GMT" time="0.044" errors="0">
  <testcase name="testBFS01" time="0.044" classname="com.albion.common.traversal.BreathFirstSearchTest"/>
</testsuite> <!-- com.albion.common.traversal.BreathFirstSearchTest -->
