<?xml version="1.0" encoding="UTF-8"?>
<!-- Generated by org.testng.reporters.JUnitReportReporter -->
<testsuite hostname="Kyles-MacBook-Pro.local" name="com.albion.common.search.bst.BinaryTreeTest" tests="1" failures="0" timestamp="18 Jul 2016 07:02:54 GMT" time="0.019" errors="0">
  <testcase name="testBinaryTreeProperties" time="0.019" classname="com.albion.common.search.bst.BinaryTreeTest"/>
</testsuite> <!-- com.albion.common.search.bst.BinaryTreeTest -->
